<?xml version="1.0" encoding="UTF-8"?>
<testsuite name="com.wordz.domain.WordTest" tests="3" skipped="0" failures="0" errors="0" timestamp="2024-05-08T11:45:59" hostname="DESKTOP-AURCIQN" time="0.061">
  <properties/>
  <testcase name="allScoreCombinations()" classname="com.wordz.domain.WordTest" time="0.059"/>
  <testcase name="secondLetterWrongPossition()" classname="com.wordz.domain.WordTest" time="0.0"/>
  <testcase name="oneIncorrectLetter()" classname="com.wordz.domain.WordTest" time="0.0"/>
  <system-out><![CDATA[]]></system-out>
  <system-err><![CDATA[]]></system-err>
</testsuite>
