<?xml version="1.0" encoding="UTF-8"?>
<testsuite name="org.example.ClientTest" tests="3" skipped="0" failures="0" errors="0" timestamp="2024-05-06T02:40:29" hostname="DESKTOP-AURCIQN" time="0.071">
  <properties/>
  <testcase name="shouldAllowToAddAddress()" classname="org.example.ClientTest" time="0.067"/>
  <testcase name="shouldAllowToAddManyAddresses()" classname="org.example.ClientTest" time="0.001"/>
  <testcase name="afterCreationShouldHaverNoAddress()" classname="org.example.ClientTest" time="0.001"/>
  <system-out><![CDATA[]]></system-out>
  <system-err><![CDATA[]]></system-err>
</testsuite>
